file /home/safari/geraldo/panzer/isca2018/PIM-Benchmarks/PIMBenchmarkRepo/damov/simulator/SConstruct,line 171:
	Configure(confdir = build/opt/.sconf_temp)
scons: Configure: Checking for C library hdf5... 
scons: Configure: "build/opt/.sconf_temp/conftest_0.c" is up to date.
scons: Configure: The original builder output was:
  |build/opt/.sconf_temp/conftest_0.c <-
  |  |
  |  |
  |  |
  |  |int
  |  |main() {
  |  |  
  |  |return 0;
  |  |}
  |  |
  |
gcc -o build/opt/.sconf_temp/conftest_0.o -c build/opt/.sconf_temp/conftest_0.c
gcc: error: build/opt/.sconf_temp/conftest_0.c: No such file or directory
gcc: fatal error: no input files
compilation terminated.
scons: Configure: no

scons: Configure: Checking for C library hdf5_serial... 
scons: Configure: "build/opt/.sconf_temp/conftest_1.c" is up to date.
scons: Configure: The original builder output was:
  |build/opt/.sconf_temp/conftest_1.c <-
  |  |
  |  |
  |  |
  |  |int
  |  |main() {
  |  |  
  |  |return 0;
  |  |}
  |  |
  |
gcc -o build/opt/.sconf_temp/conftest_1.o -c build/opt/.sconf_temp/conftest_1.c
gcc: error: build/opt/.sconf_temp/conftest_1.c: No such file or directory
gcc: fatal error: no input files
compilation terminated.
scons: Configure: no

scons: Configure: Checking for C library hdf5_serial... 
scons: Configure: "build/opt/.sconf_temp/conftest_2.c" is up to date.
scons: Configure: The original builder output was:
  |build/opt/.sconf_temp/conftest_2.c <-
  |  |
  |  |
  |  |
  |  |int
  |  |main() {
  |  |  
  |  |return 0;
  |  |}
  |  |
  |
gcc -o build/opt/.sconf_temp/conftest_2.o -c build/opt/.sconf_temp/conftest_2.c
gcc: error: build/opt/.sconf_temp/conftest_2.c: No such file or directory
gcc: fatal error: no input files
compilation terminated.
scons: Configure: no

scons: Configure: Checking for C library hdf5_serial_hl... 
scons: Configure: "build/opt/.sconf_temp/conftest_3.c" is up to date.
scons: Configure: The original builder output was:
  |build/opt/.sconf_temp/conftest_3.c <-
  |  |
  |  |
  |  |
  |  |int
  |  |main() {
  |  |  
  |  |return 0;
  |  |}
  |  |
  |
gcc -o build/opt/.sconf_temp/conftest_3.o -c build/opt/.sconf_temp/conftest_3.c
gcc: error: build/opt/.sconf_temp/conftest_3.c: No such file or directory
gcc: fatal error: no input files
compilation terminated.
scons: Configure: no

